{"/Users/itayleon/Documents/git/my-jb-fullstuck-4578-114/2025-03-16-tests/04-tests/backend/src/controllers/auth/controller.ts": {"path":"/Users/itayleon/Documents/git/my-jb-fullstuck-4578-114/2025-03-16-tests/04-tests/backend/src/controllers/auth/controller.ts","statementMap":{"0":{"start":{"line":10,"column":0},"end":{"line":10,"column":16}},"1":{"start":{"line":16,"column":0},"end":{"line":16,"column":7}},"2":{"start":{"line":36,"column":0},"end":{"line":36,"column":7}},"3":{"start":{"line":2,"column":0},"end":{"line":2,"column":37}},"4":{"start":{"line":3,"column":0},"end":{"line":3,"column":36}},"5":{"start":{"line":4,"column":0},"end":{"line":4,"column":27}},"6":{"start":{"line":5,"column":0},"end":{"line":5,"column":36}},"7":{"start":{"line":6,"column":0},"end":{"line":6,"column":46}},"8":{"start":{"line":7,"column":0},"end":{"line":7,"column":48}},"9":{"start":{"line":11,"column":4},"end":{"line":13,"column":null}},"10":{"start":{"line":17,"column":4},"end":{"line":33,"column":5}},"11":{"start":{"line":18,"column":39},"end":{"line":18,"column":47}},"12":{"start":{"line":19,"column":21},"end":{"line":24,"column":10}},"13":{"start":{"line":26,"column":8},"end":{"line":26,"column":null}},"14":{"start":{"line":26,"column":18},"end":{"line":26,"column":null}},"15":{"start":{"line":29,"column":20},"end":{"line":29,"column":88}},"16":{"start":{"line":30,"column":8},"end":{"line":30,"column":null}},"17":{"start":{"line":32,"column":8},"end":{"line":32,"column":null}},"18":{"start":{"line":37,"column":41},"end":{"line":37,"column":49}},"19":{"start":{"line":38,"column":4},"end":{"line":61,"column":5}},"20":{"start":{"line":40,"column":21},"end":{"line":44,"column":10}},"21":{"start":{"line":46,"column":20},"end":{"line":46,"column":88}},"22":{"start":{"line":47,"column":8},"end":{"line":47,"column":null}},"23":{"start":{"line":54,"column":8},"end":{"line":59,"column":null}},"24":{"start":{"line":54,"column":57},"end":{"line":59,"column":null}},"25":{"start":{"line":60,"column":8},"end":{"line":60,"column":null}}},"fnMap":{"0":{"name":"hashPassword","decl":{"start":{"line":10,"column":16},"end":{"line":10,"column":28}},"loc":{"start":{"line":10,"column":45},"end":{"line":14,"column":1}}},"1":{"name":"login","decl":{"start":{"line":16,"column":22},"end":{"line":16,"column":27}},"loc":{"start":{"line":16,"column":121},"end":{"line":34,"column":1}}},"2":{"name":"signup","decl":{"start":{"line":36,"column":22},"end":{"line":36,"column":28}},"loc":{"start":{"line":36,"column":136},"end":{"line":62,"column":1}}}},"branchMap":{"0":{"loc":{"start":{"line":26,"column":8},"end":{"line":26,"column":null}},"type":"if","locations":[{"start":{"line":26,"column":8},"end":{"line":26,"column":null}}]},"1":{"loc":{"start":{"line":54,"column":8},"end":{"line":59,"column":null}},"type":"if","locations":[{"start":{"line":54,"column":8},"end":{"line":59,"column":null}}]}},"s":{"0":1,"1":1,"2":1,"3":1,"4":1,"5":1,"6":1,"7":1,"8":1,"9":6,"10":0,"11":0,"12":0,"13":0,"14":0,"15":0,"16":0,"17":0,"18":0,"19":0,"20":0,"21":0,"22":0,"23":0,"24":0,"25":0},"f":{"0":6,"1":0,"2":0},"b":{"0":[0],"1":[0]}}
,"/Users/itayleon/Documents/git/my-jb-fullstuck-4578-114/2025-03-16-tests/04-tests/backend/src/errors/app-error.ts": {"path":"/Users/itayleon/Documents/git/my-jb-fullstuck-4578-114/2025-03-16-tests/04-tests/backend/src/errors/app-error.ts","statementMap":{"0":{"start":{"line":3,"column":8},"end":{"line":3,"column":null}},"1":{"start":{"line":2,"column":23},"end":{"line":2,"column":37}},"2":{"start":{"line":1,"column":0},"end":{"line":1,"column":21}}},"fnMap":{"0":{"name":"(anonymous_0)","decl":{"start":{"line":2,"column":4},"end":{"line":2,"column":23}},"loc":{"start":{"line":2,"column":54},"end":{"line":4,"column":5}}}},"branchMap":{},"s":{"0":1,"1":1,"2":2},"f":{"0":1},"b":{}}
,"/Users/itayleon/Documents/git/my-jb-fullstuck-4578-114/2025-03-16-tests/04-tests/backend/src/middlewares/enforce-auth.ts": {"path":"/Users/itayleon/Documents/git/my-jb-fullstuck-4578-114/2025-03-16-tests/04-tests/backend/src/middlewares/enforce-auth.ts","statementMap":{"0":{"start":{"line":16,"column":0},"end":{"line":16,"column":24}},"1":{"start":{"line":2,"column":0},"end":{"line":2,"column":43}},"2":{"start":{"line":3,"column":0},"end":{"line":3,"column":48}},"3":{"start":{"line":4,"column":0},"end":{"line":4,"column":38}},"4":{"start":{"line":5,"column":0},"end":{"line":5,"column":27}},"5":{"start":{"line":17,"column":32},"end":{"line":17,"column":57}},"6":{"start":{"line":21,"column":4},"end":{"line":21,"column":null}},"7":{"start":{"line":21,"column":30},"end":{"line":21,"column":null}},"8":{"start":{"line":23,"column":18},"end":{"line":23,"column":48}},"9":{"start":{"line":25,"column":4},"end":{"line":25,"column":null}},"10":{"start":{"line":25,"column":29},"end":{"line":25,"column":null}},"11":{"start":{"line":26,"column":4},"end":{"line":26,"column":null}},"12":{"start":{"line":26,"column":32},"end":{"line":26,"column":null}},"13":{"start":{"line":28,"column":4},"end":{"line":34,"column":5}},"14":{"start":{"line":29,"column":21},"end":{"line":29,"column":82}},"15":{"start":{"line":30,"column":8},"end":{"line":30,"column":null}},"16":{"start":{"line":31,"column":8},"end":{"line":31,"column":null}},"17":{"start":{"line":33,"column":8},"end":{"line":33,"column":null}}},"fnMap":{"0":{"name":"enforceAuth","decl":{"start":{"line":16,"column":24},"end":{"line":16,"column":35}},"loc":{"start":{"line":16,"column":83},"end":{"line":35,"column":1}}}},"branchMap":{"0":{"loc":{"start":{"line":21,"column":4},"end":{"line":21,"column":null}},"type":"if","locations":[{"start":{"line":21,"column":4},"end":{"line":21,"column":null}}]},"1":{"loc":{"start":{"line":25,"column":4},"end":{"line":25,"column":null}},"type":"if","locations":[{"start":{"line":25,"column":4},"end":{"line":25,"column":null}}]},"2":{"loc":{"start":{"line":26,"column":4},"end":{"line":26,"column":null}},"type":"if","locations":[{"start":{"line":26,"column":4},"end":{"line":26,"column":null}}]}},"s":{"0":1,"1":1,"2":1,"3":1,"4":1,"5":1,"6":1,"7":1,"8":0,"9":0,"10":0,"11":0,"12":0,"13":0,"14":0,"15":0,"16":0,"17":0},"f":{"0":1},"b":{"0":[1],"1":[0],"2":[0]}}
}
