TN:
SF:src/controllers/auth/controller.ts
FN:10,hashPassword
FN:16,login
FN:36,signup
FNF:3
FNH:1
FNDA:6,hashPassword
FNDA:0,login
FNDA:0,signup
DA:2,1
DA:3,1
DA:4,1
DA:5,1
DA:6,1
DA:7,1
DA:10,1
DA:11,6
DA:16,1
DA:17,0
DA:18,0
DA:19,0
DA:26,0
DA:29,0
DA:30,0
DA:32,0
DA:36,1
DA:37,0
DA:38,0
DA:40,0
DA:46,0
DA:47,0
DA:54,0
DA:60,0
LF:24
LH:10
BRDA:26,0,0,0
BRDA:54,1,0,0
BRF:2
BRH:0
end_of_record
TN:
SF:src/errors/app-error.ts
FN:2,(anonymous_0)
FNF:1
FNH:1
FNDA:1,(anonymous_0)
DA:1,2
DA:2,1
DA:3,1
LF:3
LH:3
BRF:0
BRH:0
end_of_record
TN:
SF:src/middlewares/enforce-auth.ts
FN:16,enforceAuth
FNF:1
FNH:1
FNDA:1,enforceAuth
DA:2,1
DA:3,1
DA:4,1
DA:5,1
DA:16,1
DA:17,1
DA:21,1
DA:23,0
DA:25,0
DA:26,0
DA:28,0
DA:29,0
DA:30,0
DA:31,0
DA:33,0
LF:15
LH:7
BRDA:21,0,0,1
BRDA:25,1,0,0
BRDA:26,2,0,0
BRF:3
BRH:1
end_of_record
